<?xml version="1.0" encoding="UTF-8"?>
<!-- Generated by org.testng.reporters.JUnitReportReporter -->
<testsuite hostname="PF3XQ739" failures="0" tests="1" name="day034_mrtt_runners_reports.runners.Runner1CucumberOptions" time="0.080" errors="0" timestamp="2023-10-13T22:51:35 MESZ" skipped="0">
  <testcase classname="day034_mrtt_runners_reports.runners.Runner1CucumberOptions" name="runScenario" time="0.080"/>
</testsuite> <!-- day034_mrtt_runners_reports.runners.Runner1CucumberOptions -->
